running develop
running egg_info
creating robot_interface.egg-info
writing robot_interface.egg-info/PKG-INFO
writing dependency_links to robot_interface.egg-info/dependency_links.txt
writing entry points to robot_interface.egg-info/entry_points.txt
writing requirements to robot_interface.egg-info/requires.txt
writing top-level names to robot_interface.egg-info/top_level.txt
writing manifest file 'robot_interface.egg-info/SOURCES.txt'
reading manifest file 'robot_interface.egg-info/SOURCES.txt'
writing manifest file 'robot_interface.egg-info/SOURCES.txt'
running build_ext
Creating /home/student/Roboty/Projekt/ros2_ws/install/robot_interface/lib/python3.10/site-packages/robot-interface.egg-link (link to .)
Installing aruco_detector script to /home/student/Roboty/Projekt/ros2_ws/install/robot_interface/lib/robot_interface
Installing camera_publisher script to /home/student/Roboty/Projekt/ros2_ws/install/robot_interface/lib/robot_interface
Installing image_viewer script to /home/student/Roboty/Projekt/ros2_ws/install/robot_interface/lib/robot_interface
Installing turtle_controller script to /home/student/Roboty/Projekt/ros2_ws/install/robot_interface/lib/robot_interface

Installed /home/student/Roboty/Projekt/ros2_ws/build/robot_interface
running symlink_data
creating /home/student/Roboty/Projekt/ros2_ws/install/robot_interface/share/ament_index
creating /home/student/Roboty/Projekt/ros2_ws/install/robot_interface/share/ament_index/resource_index
creating /home/student/Roboty/Projekt/ros2_ws/install/robot_interface/share/ament_index/resource_index/packages
symbolically linking /home/student/Roboty/Projekt/ros2_ws/build/robot_interface/resource/robot_interface -> /home/student/Roboty/Projekt/ros2_ws/install/robot_interface/share/ament_index/resource_index/packages
symbolically linking /home/student/Roboty/Projekt/ros2_ws/build/robot_interface/package.xml -> /home/student/Roboty/Projekt/ros2_ws/install/robot_interface/share/robot_interface
creating /home/student/Roboty/Projekt/ros2_ws/install/robot_interface/share/robot_interface/launch
symbolically linking /home/student/Roboty/Projekt/ros2_ws/build/robot_interface/launch/interface_launch.py -> /home/student/Roboty/Projekt/ros2_ws/install/robot_interface/share/robot_interface/launch
