[0.084s] DEBUG:colcon:Command line arguments: ['/usr/bin/colcon', 'build']
[0.084s] DEBUG:colcon:Parsed command line arguments: Namespace(log_base=None, log_level=None, verb_name='build', build_base='build', install_base='install', merge_install=False, symlink_install=False, test_result_base=None, continue_on_error=False, executor='parallel', parallel_workers=5, event_handlers=None, ignore_user_meta=False, metas=['./colcon.meta'], base_paths=['.'], packages_ignore=None, packages_ignore_regex=None, paths=None, packages_up_to=None, packages_up_to_regex=None, packages_above=None, packages_above_and_dependencies=None, packages_above_depth=None, packages_select_by_dep=None, packages_skip_by_dep=None, packages_skip_up_to=None, packages_select_build_failed=False, packages_skip_build_finished=False, packages_select_test_failures=False, packages_skip_test_passed=False, packages_select=None, packages_skip=None, packages_select_regex=None, packages_skip_regex=None, packages_start=None, packages_end=None, allow_overriding=[], cmake_args=None, cmake_target=None, cmake_target_skip_unavailable=False, cmake_clean_cache=False, cmake_clean_first=False, cmake_force_configure=False, ament_cmake_args=None, catkin_cmake_args=None, catkin_skip_building_tests=False, verb_parser=<colcon_defaults.argument_parser.defaults.DefaultArgumentsDecorator object at 0x7d54c6259480>, verb_extension=<colcon_core.verb.build.BuildVerb object at 0x7d54c636a860>, main=<bound method BuildVerb.main of <colcon_core.verb.build.BuildVerb object at 0x7d54c636a860>>)
[0.205s] Level 1:colcon.colcon_core.package_discovery:discover_packages(colcon_meta) check parameters
[0.205s] Level 1:colcon.colcon_core.package_discovery:discover_packages(recursive) check parameters
[0.205s] Level 1:colcon.colcon_core.package_discovery:discover_packages(ignore) check parameters
[0.205s] Level 1:colcon.colcon_core.package_discovery:discover_packages(path) check parameters
[0.205s] Level 1:colcon.colcon_core.package_discovery:discover_packages(colcon_meta) discover
[0.205s] Level 1:colcon.colcon_core.package_discovery:discover_packages(recursive) discover
[0.205s] INFO:colcon.colcon_core.package_discovery:Crawling recursively for packages in '/home/student/Roboty/Projekt/ros2_ws/src/robot_interface'
[0.205s] Level 1:colcon.colcon_core.package_identification:_identify(.) by extensions ['ignore', 'ignore_ament_install']
[0.205s] Level 1:colcon.colcon_core.package_identification:_identify(.) by extension 'ignore'
[0.205s] Level 1:colcon.colcon_core.package_identification:_identify(.) by extension 'ignore_ament_install'
[0.205s] Level 1:colcon.colcon_core.package_identification:_identify(.) by extensions ['colcon_pkg']
[0.205s] Level 1:colcon.colcon_core.package_identification:_identify(.) by extension 'colcon_pkg'
[0.205s] Level 1:colcon.colcon_core.package_identification:_identify(.) by extensions ['colcon_meta']
[0.205s] Level 1:colcon.colcon_core.package_identification:_identify(.) by extension 'colcon_meta'
[0.205s] Level 1:colcon.colcon_core.package_identification:_identify(.) by extensions ['ros']
[0.205s] Level 1:colcon.colcon_core.package_identification:_identify(.) by extension 'ros'
[0.217s] DEBUG:colcon.colcon_core.package_identification:Found ROS schema reference in package manifest in '.'
[0.217s] WARNING:colcon.colcon_core.package_identification:Failed to parse ROS package manifest in '.': Error(s) in package './package.xml':
Invalid email "kapi125125gmail.com" for person "student"
[0.217s] Level 1:colcon.colcon_core.package_identification:_identify(.) by extensions ['cmake', 'python']
[0.217s] Level 1:colcon.colcon_core.package_identification:_identify(.) by extension 'cmake'
[0.217s] Level 1:colcon.colcon_core.package_identification:_identify(.) by extension 'python'
[0.217s] DEBUG:colcon.colcon_core.package_identification:Python package in '.' passes arguments to the setup() function which requires a different identification extension than 'python'
[0.217s] Level 1:colcon.colcon_core.package_identification:_identify(.) by extensions ['python_setup_py']
[0.217s] Level 1:colcon.colcon_core.package_identification:_identify(.) by extension 'python_setup_py'
[0.417s] DEBUG:colcon.colcon_core.package_identification:Package '.' with type 'python' and name 'robot_interface'
[0.417s] Level 1:colcon.colcon_core.package_discovery:discover_packages(recursive) using defaults
[0.418s] Level 1:colcon.colcon_core.package_discovery:discover_packages(ignore) discover
[0.418s] Level 1:colcon.colcon_core.package_discovery:discover_packages(ignore) using defaults
[0.418s] Level 1:colcon.colcon_core.package_discovery:discover_packages(path) discover
[0.418s] Level 1:colcon.colcon_core.package_discovery:discover_packages(path) using defaults
[0.434s] Level 1:colcon.colcon_core.package_discovery:discover_packages(prefix_path) check parameters
[0.434s] Level 1:colcon.colcon_core.package_discovery:discover_packages(prefix_path) discover
[0.436s] DEBUG:colcon.colcon_installed_package_information.package_discovery:Found 1 installed packages in /home/student/Roboty/Projekt/ros2_ws/install
[0.436s] DEBUG:colcon.colcon_installed_package_information.package_discovery:Found 1 installed packages in /home/student/Roboty/Projekt/ros2_ws/src/install
[0.437s] DEBUG:colcon.colcon_installed_package_information.package_discovery:Found 319 installed packages in /opt/ros/humble
[0.449s] Level 1:colcon.colcon_core.package_discovery:discover_packages(prefix_path) using defaults
[0.480s] Level 5:colcon.colcon_core.verb:set package 'robot_interface' build argument 'cmake_args' from command line to 'None'
[0.480s] Level 5:colcon.colcon_core.verb:set package 'robot_interface' build argument 'cmake_target' from command line to 'None'
[0.480s] Level 5:colcon.colcon_core.verb:set package 'robot_interface' build argument 'cmake_target_skip_unavailable' from command line to 'False'
[0.480s] Level 5:colcon.colcon_core.verb:set package 'robot_interface' build argument 'cmake_clean_cache' from command line to 'False'
[0.480s] Level 5:colcon.colcon_core.verb:set package 'robot_interface' build argument 'cmake_clean_first' from command line to 'False'
[0.480s] Level 5:colcon.colcon_core.verb:set package 'robot_interface' build argument 'cmake_force_configure' from command line to 'False'
[0.480s] Level 5:colcon.colcon_core.verb:set package 'robot_interface' build argument 'ament_cmake_args' from command line to 'None'
[0.480s] Level 5:colcon.colcon_core.verb:set package 'robot_interface' build argument 'catkin_cmake_args' from command line to 'None'
[0.480s] Level 5:colcon.colcon_core.verb:set package 'robot_interface' build argument 'catkin_skip_building_tests' from command line to 'False'
[0.480s] DEBUG:colcon.colcon_core.verb:Building package 'robot_interface' with the following arguments: {'ament_cmake_args': None, 'build_base': '/home/student/Roboty/Projekt/ros2_ws/src/robot_interface/build/robot_interface', 'catkin_cmake_args': None, 'catkin_skip_building_tests': False, 'cmake_args': None, 'cmake_clean_cache': False, 'cmake_clean_first': False, 'cmake_force_configure': False, 'cmake_target': None, 'cmake_target_skip_unavailable': False, 'install_base': '/home/student/Roboty/Projekt/ros2_ws/src/robot_interface/install/robot_interface', 'merge_install': False, 'path': '/home/student/Roboty/Projekt/ros2_ws/src/robot_interface', 'symlink_install': False, 'test_result_base': None}
[0.480s] INFO:colcon.colcon_core.executor:Executing jobs using 'parallel' executor
[0.482s] DEBUG:colcon.colcon_parallel_executor.executor.parallel:run_until_complete
[0.482s] INFO:colcon.colcon_core.task.python.build:Building Python package in '/home/student/Roboty/Projekt/ros2_ws/src/robot_interface'
[0.484s] INFO:colcon.colcon_core.plugin_system:Skipping extension 'colcon_core.shell.bat': Not used on non-Windows systems
[0.484s] INFO:colcon.colcon_core.shell:Skip shell extension 'powershell' for command environment: Not usable outside of PowerShell
[0.484s] DEBUG:colcon.colcon_core.shell:Skip shell extension 'dsv' for command environment
[1.002s] DEBUG:colcon.colcon_core.event_handler.log_command:Invoking command in '/home/student/Roboty/Projekt/ros2_ws/src/robot_interface': PYTHONPATH=/home/student/Roboty/Projekt/ros2_ws/src/robot_interface/build/robot_interface/prefix_override:/usr/lib/python3/dist-packages/colcon_core/task/python/colcon_distutils_commands:/home/student/Roboty/Projekt/ros2_ws/src/robot_interface/install/robot_interface/lib/python3.10/site-packages:${PYTHONPATH} /usr/bin/python3 -W ignore:setup.py install is deprecated -W ignore:easy_install command is deprecated setup.py egg_info --egg-base build/robot_interface build --build-base /home/student/Roboty/Projekt/ros2_ws/src/robot_interface/build/robot_interface/build install --record /home/student/Roboty/Projekt/ros2_ws/src/robot_interface/build/robot_interface/install.log --single-version-externally-managed install_data
[1.247s] DEBUG:colcon.colcon_core.event_handler.log_command:Invoked command in '/home/student/Roboty/Projekt/ros2_ws/src/robot_interface' returned '0': PYTHONPATH=/home/student/Roboty/Projekt/ros2_ws/src/robot_interface/build/robot_interface/prefix_override:/usr/lib/python3/dist-packages/colcon_core/task/python/colcon_distutils_commands:/home/student/Roboty/Projekt/ros2_ws/src/robot_interface/install/robot_interface/lib/python3.10/site-packages:${PYTHONPATH} /usr/bin/python3 -W ignore:setup.py install is deprecated -W ignore:easy_install command is deprecated setup.py egg_info --egg-base build/robot_interface build --build-base /home/student/Roboty/Projekt/ros2_ws/src/robot_interface/build/robot_interface/build install --record /home/student/Roboty/Projekt/ros2_ws/src/robot_interface/build/robot_interface/install.log --single-version-externally-managed install_data
[1.248s] Level 1:colcon.colcon_core.environment:checking '/home/student/Roboty/Projekt/ros2_ws/src/robot_interface/install/robot_interface' for CMake module files
[1.249s] Level 1:colcon.colcon_core.environment:checking '/home/student/Roboty/Projekt/ros2_ws/src/robot_interface/install/robot_interface' for CMake config files
[1.249s] Level 1:colcon.colcon_core.environment:checking '/home/student/Roboty/Projekt/ros2_ws/src/robot_interface/install/robot_interface/lib'
[1.250s] Level 1:colcon.colcon_core.environment:checking '/home/student/Roboty/Projekt/ros2_ws/src/robot_interface/install/robot_interface/bin'
[1.250s] Level 1:colcon.colcon_core.environment:checking '/home/student/Roboty/Projekt/ros2_ws/src/robot_interface/install/robot_interface/lib/pkgconfig/robot_interface.pc'
[1.250s] Level 1:colcon.colcon_core.environment:checking '/home/student/Roboty/Projekt/ros2_ws/src/robot_interface/install/robot_interface/lib/python3.10/site-packages'
[1.250s] Level 1:colcon.colcon_core.shell:create_environment_hook('robot_interface', 'pythonpath')
[1.250s] INFO:colcon.colcon_core.shell:Creating environment hook '/home/student/Roboty/Projekt/ros2_ws/src/robot_interface/install/robot_interface/share/robot_interface/hook/pythonpath.ps1'
[1.251s] INFO:colcon.colcon_core.shell:Creating environment descriptor '/home/student/Roboty/Projekt/ros2_ws/src/robot_interface/install/robot_interface/share/robot_interface/hook/pythonpath.dsv'
[1.251s] INFO:colcon.colcon_core.shell:Creating environment hook '/home/student/Roboty/Projekt/ros2_ws/src/robot_interface/install/robot_interface/share/robot_interface/hook/pythonpath.sh'
[1.252s] Level 1:colcon.colcon_core.environment:checking '/home/student/Roboty/Projekt/ros2_ws/src/robot_interface/install/robot_interface/bin'
[1.252s] Level 1:colcon.colcon_core.environment:create_environment_scripts_only(robot_interface)
[1.252s] INFO:colcon.colcon_core.shell:Creating package script '/home/student/Roboty/Projekt/ros2_ws/src/robot_interface/install/robot_interface/share/robot_interface/package.ps1'
[1.253s] INFO:colcon.colcon_core.shell:Creating package descriptor '/home/student/Roboty/Projekt/ros2_ws/src/robot_interface/install/robot_interface/share/robot_interface/package.dsv'
[1.253s] INFO:colcon.colcon_core.shell:Creating package script '/home/student/Roboty/Projekt/ros2_ws/src/robot_interface/install/robot_interface/share/robot_interface/package.sh'
[1.253s] INFO:colcon.colcon_core.shell:Creating package script '/home/student/Roboty/Projekt/ros2_ws/src/robot_interface/install/robot_interface/share/robot_interface/package.bash'
[1.254s] INFO:colcon.colcon_core.shell:Creating package script '/home/student/Roboty/Projekt/ros2_ws/src/robot_interface/install/robot_interface/share/robot_interface/package.zsh'
[1.254s] Level 1:colcon.colcon_core.environment:create_file_with_runtime_dependencies(/home/student/Roboty/Projekt/ros2_ws/src/robot_interface/install/robot_interface/share/colcon-core/packages/robot_interface)
[1.255s] DEBUG:colcon.colcon_parallel_executor.executor.parallel:closing loop
[1.255s] DEBUG:colcon.colcon_parallel_executor.executor.parallel:loop closed
[1.255s] DEBUG:colcon.colcon_parallel_executor.executor.parallel:run_until_complete finished with '0'
[1.255s] DEBUG:colcon.colcon_core.event_reactor:joining thread
[1.260s] INFO:colcon.colcon_core.plugin_system:Skipping extension 'colcon_notification.desktop_notification.terminal_notifier': Not used on non-Darwin systems
[1.260s] INFO:colcon.colcon_core.plugin_system:Skipping extension 'colcon_notification.desktop_notification.win32': Not used on non-Windows systems
[1.260s] INFO:colcon.colcon_notification.desktop_notification:Sending desktop notification using 'notify2'
[1.265s] DEBUG:colcon.colcon_core.event_reactor:joined thread
[1.265s] INFO:colcon.colcon_core.shell:Creating prefix script '/home/student/Roboty/Projekt/ros2_ws/src/robot_interface/install/local_setup.ps1'
[1.266s] INFO:colcon.colcon_core.shell:Creating prefix util module '/home/student/Roboty/Projekt/ros2_ws/src/robot_interface/install/_local_setup_util_ps1.py'
[1.267s] INFO:colcon.colcon_core.shell:Creating prefix chain script '/home/student/Roboty/Projekt/ros2_ws/src/robot_interface/install/setup.ps1'
[1.268s] INFO:colcon.colcon_core.shell:Creating prefix script '/home/student/Roboty/Projekt/ros2_ws/src/robot_interface/install/local_setup.sh'
[1.268s] INFO:colcon.colcon_core.shell:Creating prefix util module '/home/student/Roboty/Projekt/ros2_ws/src/robot_interface/install/_local_setup_util_sh.py'
[1.269s] INFO:colcon.colcon_core.shell:Creating prefix chain script '/home/student/Roboty/Projekt/ros2_ws/src/robot_interface/install/setup.sh'
[1.270s] INFO:colcon.colcon_core.shell:Creating prefix script '/home/student/Roboty/Projekt/ros2_ws/src/robot_interface/install/local_setup.bash'
[1.270s] INFO:colcon.colcon_core.shell:Creating prefix chain script '/home/student/Roboty/Projekt/ros2_ws/src/robot_interface/install/setup.bash'
[1.271s] INFO:colcon.colcon_core.shell:Creating prefix script '/home/student/Roboty/Projekt/ros2_ws/src/robot_interface/install/local_setup.zsh'
[1.271s] INFO:colcon.colcon_core.shell:Creating prefix chain script '/home/student/Roboty/Projekt/ros2_ws/src/robot_interface/install/setup.zsh'
