[0.619s] Invoking command in '/home/student/Roboty/Projekt/ros2_ws/build/robot_interface': PYTHONPATH=/home/student/Roboty/Projekt/ros2_ws/build/robot_interface/prefix_override:/usr/lib/python3/dist-packages/colcon_core/task/python/colcon_distutils_commands:/home/student/Roboty/Projekt/ros2_ws/install/robot_interface/lib/python3.10/site-packages:${PYTHONPATH} /usr/bin/python3 -W ignore:setup.py install is deprecated -W ignore:easy_install command is deprecated setup.py develop --editable --build-directory /home/student/Roboty/Projekt/ros2_ws/build/robot_interface/build --no-deps symlink_data
[0.824s] running develop
[0.942s] running egg_info
[0.942s] writing robot_interface.egg-info/PKG-INFO
[0.942s] writing dependency_links to robot_interface.egg-info/dependency_links.txt
[0.942s] writing entry points to robot_interface.egg-info/entry_points.txt
[0.942s] writing requirements to robot_interface.egg-info/requires.txt
[0.942s] writing top-level names to robot_interface.egg-info/top_level.txt
[0.945s] reading manifest file 'robot_interface.egg-info/SOURCES.txt'
[0.945s] writing manifest file 'robot_interface.egg-info/SOURCES.txt'
[0.947s] running build_ext
[0.947s] Creating /home/student/Roboty/Projekt/ros2_ws/install/robot_interface/lib/python3.10/site-packages/robot-interface.egg-link (link to .)
[0.949s] Installing aruco_detector script to /home/student/Roboty/Projekt/ros2_ws/install/robot_interface/lib/robot_interface
[0.949s] Installing camera_publisher script to /home/student/Roboty/Projekt/ros2_ws/install/robot_interface/lib/robot_interface
[0.949s] Installing image_viewer script to /home/student/Roboty/Projekt/ros2_ws/install/robot_interface/lib/robot_interface
[0.949s] Installing turtle_controller script to /home/student/Roboty/Projekt/ros2_ws/install/robot_interface/lib/robot_interface
[0.949s] 
[0.949s] Installed /home/student/Roboty/Projekt/ros2_ws/build/robot_interface
[0.949s] running symlink_data
[0.974s] Invoked command in '/home/student/Roboty/Projekt/ros2_ws/build/robot_interface' returned '0': PYTHONPATH=/home/student/Roboty/Projekt/ros2_ws/build/robot_interface/prefix_override:/usr/lib/python3/dist-packages/colcon_core/task/python/colcon_distutils_commands:/home/student/Roboty/Projekt/ros2_ws/install/robot_interface/lib/python3.10/site-packages:${PYTHONPATH} /usr/bin/python3 -W ignore:setup.py install is deprecated -W ignore:easy_install command is deprecated setup.py develop --editable --build-directory /home/student/Roboty/Projekt/ros2_ws/build/robot_interface/build --no-deps symlink_data
