running egg_info
creating build/robot_interface/robot_interface.egg-info
writing build/robot_interface/robot_interface.egg-info/PKG-INFO
writing dependency_links to build/robot_interface/robot_interface.egg-info/dependency_links.txt
writing entry points to build/robot_interface/robot_interface.egg-info/entry_points.txt
writing requirements to build/robot_interface/robot_interface.egg-info/requires.txt
writing top-level names to build/robot_interface/robot_interface.egg-info/top_level.txt
writing manifest file 'build/robot_interface/robot_interface.egg-info/SOURCES.txt'
reading manifest file 'build/robot_interface/robot_interface.egg-info/SOURCES.txt'
writing manifest file 'build/robot_interface/robot_interface.egg-info/SOURCES.txt'
running build
running build_py
creating /home/student/Roboty/Projekt/ros2_ws/src/robot_interface/build/robot_interface/build
creating /home/student/Roboty/Projekt/ros2_ws/src/robot_interface/build/robot_interface/build/lib
creating /home/student/Roboty/Projekt/ros2_ws/src/robot_interface/build/robot_interface/build/lib/robot_interface
copying robot_interface/__init__.py -> /home/student/Roboty/Projekt/ros2_ws/src/robot_interface/build/robot_interface/build/lib/robot_interface
copying robot_interface/image_viewer.py -> /home/student/Roboty/Projekt/ros2_ws/src/robot_interface/build/robot_interface/build/lib/robot_interface
copying robot_interface/camera_publisher.py -> /home/student/Roboty/Projekt/ros2_ws/src/robot_interface/build/robot_interface/build/lib/robot_interface
copying robot_interface/aruco_detector.py -> /home/student/Roboty/Projekt/ros2_ws/src/robot_interface/build/robot_interface/build/lib/robot_interface
copying robot_interface/turtle_controller.py -> /home/student/Roboty/Projekt/ros2_ws/src/robot_interface/build/robot_interface/build/lib/robot_interface
running install
running install_lib
creating /home/student/Roboty/Projekt/ros2_ws/src/robot_interface/install/robot_interface/lib/python3.10/site-packages/robot_interface
copying /home/student/Roboty/Projekt/ros2_ws/src/robot_interface/build/robot_interface/build/lib/robot_interface/__init__.py -> /home/student/Roboty/Projekt/ros2_ws/src/robot_interface/install/robot_interface/lib/python3.10/site-packages/robot_interface
copying /home/student/Roboty/Projekt/ros2_ws/src/robot_interface/build/robot_interface/build/lib/robot_interface/image_viewer.py -> /home/student/Roboty/Projekt/ros2_ws/src/robot_interface/install/robot_interface/lib/python3.10/site-packages/robot_interface
copying /home/student/Roboty/Projekt/ros2_ws/src/robot_interface/build/robot_interface/build/lib/robot_interface/camera_publisher.py -> /home/student/Roboty/Projekt/ros2_ws/src/robot_interface/install/robot_interface/lib/python3.10/site-packages/robot_interface
copying /home/student/Roboty/Projekt/ros2_ws/src/robot_interface/build/robot_interface/build/lib/robot_interface/aruco_detector.py -> /home/student/Roboty/Projekt/ros2_ws/src/robot_interface/install/robot_interface/lib/python3.10/site-packages/robot_interface
copying /home/student/Roboty/Projekt/ros2_ws/src/robot_interface/build/robot_interface/build/lib/robot_interface/turtle_controller.py -> /home/student/Roboty/Projekt/ros2_ws/src/robot_interface/install/robot_interface/lib/python3.10/site-packages/robot_interface
byte-compiling /home/student/Roboty/Projekt/ros2_ws/src/robot_interface/install/robot_interface/lib/python3.10/site-packages/robot_interface/__init__.py to __init__.cpython-310.pyc
byte-compiling /home/student/Roboty/Projekt/ros2_ws/src/robot_interface/install/robot_interface/lib/python3.10/site-packages/robot_interface/image_viewer.py to image_viewer.cpython-310.pyc
byte-compiling /home/student/Roboty/Projekt/ros2_ws/src/robot_interface/install/robot_interface/lib/python3.10/site-packages/robot_interface/camera_publisher.py to camera_publisher.cpython-310.pyc
byte-compiling /home/student/Roboty/Projekt/ros2_ws/src/robot_interface/install/robot_interface/lib/python3.10/site-packages/robot_interface/aruco_detector.py to aruco_detector.cpython-310.pyc
byte-compiling /home/student/Roboty/Projekt/ros2_ws/src/robot_interface/install/robot_interface/lib/python3.10/site-packages/robot_interface/turtle_controller.py to turtle_controller.cpython-310.pyc
running install_data
creating /home/student/Roboty/Projekt/ros2_ws/src/robot_interface/install/robot_interface/share
creating /home/student/Roboty/Projekt/ros2_ws/src/robot_interface/install/robot_interface/share/ament_index
creating /home/student/Roboty/Projekt/ros2_ws/src/robot_interface/install/robot_interface/share/ament_index/resource_index
creating /home/student/Roboty/Projekt/ros2_ws/src/robot_interface/install/robot_interface/share/ament_index/resource_index/packages
copying resource/robot_interface -> /home/student/Roboty/Projekt/ros2_ws/src/robot_interface/install/robot_interface/share/ament_index/resource_index/packages
creating /home/student/Roboty/Projekt/ros2_ws/src/robot_interface/install/robot_interface/share/robot_interface
copying package.xml -> /home/student/Roboty/Projekt/ros2_ws/src/robot_interface/install/robot_interface/share/robot_interface
creating /home/student/Roboty/Projekt/ros2_ws/src/robot_interface/install/robot_interface/share/robot_interface/launch
copying launch/interface_launch.py -> /home/student/Roboty/Projekt/ros2_ws/src/robot_interface/install/robot_interface/share/robot_interface/launch
running install_egg_info
Copying build/robot_interface/robot_interface.egg-info to /home/student/Roboty/Projekt/ros2_ws/src/robot_interface/install/robot_interface/lib/python3.10/site-packages/robot_interface-0.0.1-py3.10.egg-info
running install_scripts
Installing aruco_detector script to /home/student/Roboty/Projekt/ros2_ws/src/robot_interface/install/robot_interface/lib/robot_interface
Installing camera_publisher script to /home/student/Roboty/Projekt/ros2_ws/src/robot_interface/install/robot_interface/lib/robot_interface
Installing image_viewer script to /home/student/Roboty/Projekt/ros2_ws/src/robot_interface/install/robot_interface/lib/robot_interface
Installing turtle_controller script to /home/student/Roboty/Projekt/ros2_ws/src/robot_interface/install/robot_interface/lib/robot_interface
writing list of installed files to '/home/student/Roboty/Projekt/ros2_ws/src/robot_interface/build/robot_interface/install.log'
