[0.519s] Invoking command in '/home/student/Roboty/Projekt/ros2_ws/src/robot_interface': PYTHONPATH=/home/student/Roboty/Projekt/ros2_ws/src/robot_interface/build/robot_interface/prefix_override:/usr/lib/python3/dist-packages/colcon_core/task/python/colcon_distutils_commands:/home/student/Roboty/Projekt/ros2_ws/src/robot_interface/install/robot_interface/lib/python3.10/site-packages:${PYTHONPATH} /usr/bin/python3 -W ignore:setup.py install is deprecated -W ignore:easy_install command is deprecated setup.py egg_info --egg-base build/robot_interface build --build-base /home/student/Roboty/Projekt/ros2_ws/src/robot_interface/build/robot_interface/build install --record /home/student/Roboty/Projekt/ros2_ws/src/robot_interface/build/robot_interface/install.log --single-version-externally-managed install_data
[0.714s] running egg_info
[0.714s] creating build/robot_interface/robot_interface.egg-info
[0.714s] writing build/robot_interface/robot_interface.egg-info/PKG-INFO
[0.714s] writing dependency_links to build/robot_interface/robot_interface.egg-info/dependency_links.txt
[0.714s] writing entry points to build/robot_interface/robot_interface.egg-info/entry_points.txt
[0.714s] writing requirements to build/robot_interface/robot_interface.egg-info/requires.txt
[0.714s] writing top-level names to build/robot_interface/robot_interface.egg-info/top_level.txt
[0.714s] writing manifest file 'build/robot_interface/robot_interface.egg-info/SOURCES.txt'
[0.715s] reading manifest file 'build/robot_interface/robot_interface.egg-info/SOURCES.txt'
[0.716s] writing manifest file 'build/robot_interface/robot_interface.egg-info/SOURCES.txt'
[0.716s] running build
[0.716s] running build_py
[0.716s] creating /home/student/Roboty/Projekt/ros2_ws/src/robot_interface/build/robot_interface/build
[0.716s] creating /home/student/Roboty/Projekt/ros2_ws/src/robot_interface/build/robot_interface/build/lib
[0.716s] creating /home/student/Roboty/Projekt/ros2_ws/src/robot_interface/build/robot_interface/build/lib/robot_interface
[0.716s] copying robot_interface/__init__.py -> /home/student/Roboty/Projekt/ros2_ws/src/robot_interface/build/robot_interface/build/lib/robot_interface
[0.716s] copying robot_interface/image_viewer.py -> /home/student/Roboty/Projekt/ros2_ws/src/robot_interface/build/robot_interface/build/lib/robot_interface
[0.716s] copying robot_interface/camera_publisher.py -> /home/student/Roboty/Projekt/ros2_ws/src/robot_interface/build/robot_interface/build/lib/robot_interface
[0.716s] copying robot_interface/aruco_detector.py -> /home/student/Roboty/Projekt/ros2_ws/src/robot_interface/build/robot_interface/build/lib/robot_interface
[0.716s] copying robot_interface/turtle_controller.py -> /home/student/Roboty/Projekt/ros2_ws/src/robot_interface/build/robot_interface/build/lib/robot_interface
[0.717s] running install
[0.717s] running install_lib
[0.717s] creating /home/student/Roboty/Projekt/ros2_ws/src/robot_interface/install/robot_interface/lib/python3.10/site-packages/robot_interface
[0.718s] copying /home/student/Roboty/Projekt/ros2_ws/src/robot_interface/build/robot_interface/build/lib/robot_interface/__init__.py -> /home/student/Roboty/Projekt/ros2_ws/src/robot_interface/install/robot_interface/lib/python3.10/site-packages/robot_interface
[0.718s] copying /home/student/Roboty/Projekt/ros2_ws/src/robot_interface/build/robot_interface/build/lib/robot_interface/image_viewer.py -> /home/student/Roboty/Projekt/ros2_ws/src/robot_interface/install/robot_interface/lib/python3.10/site-packages/robot_interface
[0.718s] copying /home/student/Roboty/Projekt/ros2_ws/src/robot_interface/build/robot_interface/build/lib/robot_interface/camera_publisher.py -> /home/student/Roboty/Projekt/ros2_ws/src/robot_interface/install/robot_interface/lib/python3.10/site-packages/robot_interface
[0.718s] copying /home/student/Roboty/Projekt/ros2_ws/src/robot_interface/build/robot_interface/build/lib/robot_interface/aruco_detector.py -> /home/student/Roboty/Projekt/ros2_ws/src/robot_interface/install/robot_interface/lib/python3.10/site-packages/robot_interface
[0.718s] copying /home/student/Roboty/Projekt/ros2_ws/src/robot_interface/build/robot_interface/build/lib/robot_interface/turtle_controller.py -> /home/student/Roboty/Projekt/ros2_ws/src/robot_interface/install/robot_interface/lib/python3.10/site-packages/robot_interface
[0.718s] byte-compiling /home/student/Roboty/Projekt/ros2_ws/src/robot_interface/install/robot_interface/lib/python3.10/site-packages/robot_interface/__init__.py to __init__.cpython-310.pyc
[0.719s] byte-compiling /home/student/Roboty/Projekt/ros2_ws/src/robot_interface/install/robot_interface/lib/python3.10/site-packages/robot_interface/image_viewer.py to image_viewer.cpython-310.pyc
[0.719s] byte-compiling /home/student/Roboty/Projekt/ros2_ws/src/robot_interface/install/robot_interface/lib/python3.10/site-packages/robot_interface/camera_publisher.py to camera_publisher.cpython-310.pyc
[0.719s] byte-compiling /home/student/Roboty/Projekt/ros2_ws/src/robot_interface/install/robot_interface/lib/python3.10/site-packages/robot_interface/aruco_detector.py to aruco_detector.cpython-310.pyc
[0.720s] byte-compiling /home/student/Roboty/Projekt/ros2_ws/src/robot_interface/install/robot_interface/lib/python3.10/site-packages/robot_interface/turtle_controller.py to turtle_controller.cpython-310.pyc
[0.720s] running install_data
[0.720s] creating /home/student/Roboty/Projekt/ros2_ws/src/robot_interface/install/robot_interface/share
[0.720s] creating /home/student/Roboty/Projekt/ros2_ws/src/robot_interface/install/robot_interface/share/ament_index
[0.720s] creating /home/student/Roboty/Projekt/ros2_ws/src/robot_interface/install/robot_interface/share/ament_index/resource_index
[0.720s] creating /home/student/Roboty/Projekt/ros2_ws/src/robot_interface/install/robot_interface/share/ament_index/resource_index/packages
[0.720s] copying resource/robot_interface -> /home/student/Roboty/Projekt/ros2_ws/src/robot_interface/install/robot_interface/share/ament_index/resource_index/packages
[0.720s] creating /home/student/Roboty/Projekt/ros2_ws/src/robot_interface/install/robot_interface/share/robot_interface
[0.720s] copying package.xml -> /home/student/Roboty/Projekt/ros2_ws/src/robot_interface/install/robot_interface/share/robot_interface
[0.721s] creating /home/student/Roboty/Projekt/ros2_ws/src/robot_interface/install/robot_interface/share/robot_interface/launch
[0.721s] copying launch/interface_launch.py -> /home/student/Roboty/Projekt/ros2_ws/src/robot_interface/install/robot_interface/share/robot_interface/launch
[0.721s] running install_egg_info
[0.722s] Copying build/robot_interface/robot_interface.egg-info to /home/student/Roboty/Projekt/ros2_ws/src/robot_interface/install/robot_interface/lib/python3.10/site-packages/robot_interface-0.0.1-py3.10.egg-info
[0.723s] running install_scripts
[0.740s] Installing aruco_detector script to /home/student/Roboty/Projekt/ros2_ws/src/robot_interface/install/robot_interface/lib/robot_interface
[0.740s] Installing camera_publisher script to /home/student/Roboty/Projekt/ros2_ws/src/robot_interface/install/robot_interface/lib/robot_interface
[0.740s] Installing image_viewer script to /home/student/Roboty/Projekt/ros2_ws/src/robot_interface/install/robot_interface/lib/robot_interface
[0.740s] Installing turtle_controller script to /home/student/Roboty/Projekt/ros2_ws/src/robot_interface/install/robot_interface/lib/robot_interface
[0.742s] writing list of installed files to '/home/student/Roboty/Projekt/ros2_ws/src/robot_interface/build/robot_interface/install.log'
[0.764s] Invoked command in '/home/student/Roboty/Projekt/ros2_ws/src/robot_interface' returned '0': PYTHONPATH=/home/student/Roboty/Projekt/ros2_ws/src/robot_interface/build/robot_interface/prefix_override:/usr/lib/python3/dist-packages/colcon_core/task/python/colcon_distutils_commands:/home/student/Roboty/Projekt/ros2_ws/src/robot_interface/install/robot_interface/lib/python3.10/site-packages:${PYTHONPATH} /usr/bin/python3 -W ignore:setup.py install is deprecated -W ignore:easy_install command is deprecated setup.py egg_info --egg-base build/robot_interface build --build-base /home/student/Roboty/Projekt/ros2_ws/src/robot_interface/build/robot_interface/build install --record /home/student/Roboty/Projekt/ros2_ws/src/robot_interface/build/robot_interface/install.log --single-version-externally-managed install_data
