[0.620s] Invoking command in '/home/student/Roboty/Projekt/ros2_ws/build/robot_interface': PYTHONPATH=/home/student/Roboty/Projekt/ros2_ws/build/robot_interface/prefix_override:/usr/lib/python3/dist-packages/colcon_core/task/python/colcon_distutils_commands:/home/student/Roboty/Projekt/ros2_ws/install/robot_interface/lib/python3.10/site-packages:${PYTHONPATH} /usr/bin/python3 -W ignore:setup.py install is deprecated -W ignore:easy_install command is deprecated setup.py develop --editable --build-directory /home/student/Roboty/Projekt/ros2_ws/build/robot_interface/build --no-deps symlink_data --force
[0.882s] running develop
[1.020s] running egg_info
[1.021s] writing robot_interface.egg-info/PKG-INFO
[1.021s] writing dependency_links to robot_interface.egg-info/dependency_links.txt
[1.021s] writing entry points to robot_interface.egg-info/entry_points.txt
[1.022s] writing requirements to robot_interface.egg-info/requires.txt
[1.022s] writing top-level names to robot_interface.egg-info/top_level.txt
[1.023s] reading manifest file 'robot_interface.egg-info/SOURCES.txt'
[1.023s] writing manifest file 'robot_interface.egg-info/SOURCES.txt'
[1.025s] running build_ext
[1.025s] Creating /home/student/Roboty/Projekt/ros2_ws/install/robot_interface/lib/python3.10/site-packages/robot-interface.egg-link (link to .)
[1.026s] Installing aruco_detector script to /home/student/Roboty/Projekt/ros2_ws/install/robot_interface/lib/robot_interface
[1.026s] Installing camera_publisher script to /home/student/Roboty/Projekt/ros2_ws/install/robot_interface/lib/robot_interface
[1.026s] Installing image_viewer script to /home/student/Roboty/Projekt/ros2_ws/install/robot_interface/lib/robot_interface
[1.026s] Installing turtle_controller script to /home/student/Roboty/Projekt/ros2_ws/install/robot_interface/lib/robot_interface
[1.026s] 
[1.028s] Installed /home/student/Roboty/Projekt/ros2_ws/build/robot_interface
[1.028s] running symlink_data
[1.028s] symbolically linking /home/student/Roboty/Projekt/ros2_ws/build/robot_interface/resource/robot_interface -> /home/student/Roboty/Projekt/ros2_ws/install/robot_interface/share/ament_index/resource_index/packages
[1.028s] symbolically linking /home/student/Roboty/Projekt/ros2_ws/build/robot_interface/package.xml -> /home/student/Roboty/Projekt/ros2_ws/install/robot_interface/share/robot_interface
[1.028s] symbolically linking /home/student/Roboty/Projekt/ros2_ws/build/robot_interface/launch/interface_launch.py -> /home/student/Roboty/Projekt/ros2_ws/install/robot_interface/share/robot_interface/launch
[1.063s] Invoked command in '/home/student/Roboty/Projekt/ros2_ws/build/robot_interface' returned '0': PYTHONPATH=/home/student/Roboty/Projekt/ros2_ws/build/robot_interface/prefix_override:/usr/lib/python3/dist-packages/colcon_core/task/python/colcon_distutils_commands:/home/student/Roboty/Projekt/ros2_ws/install/robot_interface/lib/python3.10/site-packages:${PYTHONPATH} /usr/bin/python3 -W ignore:setup.py install is deprecated -W ignore:easy_install command is deprecated setup.py develop --editable --build-directory /home/student/Roboty/Projekt/ros2_ws/build/robot_interface/build --no-deps symlink_data --force
