[0.143s] DEBUG:colcon:Command line arguments: ['/usr/bin/colcon', 'build']
[0.144s] DEBUG:colcon:Parsed command line arguments: Namespace(log_base=None, log_level=None, verb_name='build', build_base='build', install_base='install', merge_install=False, symlink_install=False, test_result_base=None, continue_on_error=False, executor='parallel', parallel_workers=5, event_handlers=None, ignore_user_meta=False, metas=['./colcon.meta'], base_paths=['.'], packages_ignore=None, packages_ignore_regex=None, paths=None, packages_up_to=None, packages_up_to_regex=None, packages_above=None, packages_above_and_dependencies=None, packages_above_depth=None, packages_select_by_dep=None, packages_skip_by_dep=None, packages_skip_up_to=None, packages_select_build_failed=False, packages_skip_build_finished=False, packages_select_test_failures=False, packages_skip_test_passed=False, packages_select=None, packages_skip=None, packages_select_regex=None, packages_skip_regex=None, packages_start=None, packages_end=None, allow_overriding=[], cmake_args=None, cmake_target=None, cmake_target_skip_unavailable=False, cmake_clean_cache=False, cmake_clean_first=False, cmake_force_configure=False, ament_cmake_args=None, catkin_cmake_args=None, catkin_skip_building_tests=False, verb_parser=<colcon_defaults.argument_parser.defaults.DefaultArgumentsDecorator object at 0x716ba80003d0>, verb_extension=<colcon_core.verb.build.BuildVerb object at 0x716ba8171720>, main=<bound method BuildVerb.main of <colcon_core.verb.build.BuildVerb object at 0x716ba8171720>>)
[0.307s] Level 1:colcon.colcon_core.package_discovery:discover_packages(colcon_meta) check parameters
[0.307s] Level 1:colcon.colcon_core.package_discovery:discover_packages(recursive) check parameters
[0.307s] Level 1:colcon.colcon_core.package_discovery:discover_packages(ignore) check parameters
[0.307s] Level 1:colcon.colcon_core.package_discovery:discover_packages(path) check parameters
[0.307s] Level 1:colcon.colcon_core.package_discovery:discover_packages(colcon_meta) discover
[0.307s] Level 1:colcon.colcon_core.package_discovery:discover_packages(recursive) discover
[0.307s] INFO:colcon.colcon_core.package_discovery:Crawling recursively for packages in '/home/student/Roboty/Projekt/ros2_ws'
[0.307s] Level 1:colcon.colcon_core.package_identification:_identify(.) by extensions ['ignore', 'ignore_ament_install']
[0.307s] Level 1:colcon.colcon_core.package_identification:_identify(.) by extension 'ignore'
[0.307s] Level 1:colcon.colcon_core.package_identification:_identify(.) by extension 'ignore_ament_install'
[0.308s] Level 1:colcon.colcon_core.package_identification:_identify(.) by extensions ['colcon_pkg']
[0.308s] Level 1:colcon.colcon_core.package_identification:_identify(.) by extension 'colcon_pkg'
[0.308s] Level 1:colcon.colcon_core.package_identification:_identify(.) by extensions ['colcon_meta']
[0.308s] Level 1:colcon.colcon_core.package_identification:_identify(.) by extension 'colcon_meta'
[0.308s] Level 1:colcon.colcon_core.package_identification:_identify(.) by extensions ['ros']
[0.308s] Level 1:colcon.colcon_core.package_identification:_identify(.) by extension 'ros'
[0.317s] Level 1:colcon.colcon_core.package_identification:_identify(.) by extensions ['cmake', 'python']
[0.317s] Level 1:colcon.colcon_core.package_identification:_identify(.) by extension 'cmake'
[0.317s] Level 1:colcon.colcon_core.package_identification:_identify(.) by extension 'python'
[0.317s] Level 1:colcon.colcon_core.package_identification:_identify(.) by extensions ['python_setup_py']
[0.317s] Level 1:colcon.colcon_core.package_identification:_identify(.) by extension 'python_setup_py'
[0.317s] Level 1:colcon.colcon_core.package_identification:_identify(build) by extensions ['ignore', 'ignore_ament_install']
[0.317s] Level 1:colcon.colcon_core.package_identification:_identify(build) by extension 'ignore'
[0.317s] Level 1:colcon.colcon_core.package_identification:_identify(build) ignored
[0.317s] Level 1:colcon.colcon_core.package_identification:_identify(install) by extensions ['ignore', 'ignore_ament_install']
[0.317s] Level 1:colcon.colcon_core.package_identification:_identify(install) by extension 'ignore'
[0.317s] Level 1:colcon.colcon_core.package_identification:_identify(install) ignored
[0.317s] Level 1:colcon.colcon_core.package_identification:_identify(log) by extensions ['ignore', 'ignore_ament_install']
[0.317s] Level 1:colcon.colcon_core.package_identification:_identify(log) by extension 'ignore'
[0.317s] Level 1:colcon.colcon_core.package_identification:_identify(log) ignored
[0.318s] Level 1:colcon.colcon_core.package_identification:_identify(src) by extensions ['ignore', 'ignore_ament_install']
[0.318s] Level 1:colcon.colcon_core.package_identification:_identify(src) by extension 'ignore'
[0.318s] Level 1:colcon.colcon_core.package_identification:_identify(src) by extension 'ignore_ament_install'
[0.318s] Level 1:colcon.colcon_core.package_identification:_identify(src) by extensions ['colcon_pkg']
[0.318s] Level 1:colcon.colcon_core.package_identification:_identify(src) by extension 'colcon_pkg'
[0.318s] Level 1:colcon.colcon_core.package_identification:_identify(src) by extensions ['colcon_meta']
[0.318s] Level 1:colcon.colcon_core.package_identification:_identify(src) by extension 'colcon_meta'
[0.318s] Level 1:colcon.colcon_core.package_identification:_identify(src) by extensions ['ros']
[0.318s] Level 1:colcon.colcon_core.package_identification:_identify(src) by extension 'ros'
[0.318s] Level 1:colcon.colcon_core.package_identification:_identify(src) by extensions ['cmake', 'python']
[0.318s] Level 1:colcon.colcon_core.package_identification:_identify(src) by extension 'cmake'
[0.318s] Level 1:colcon.colcon_core.package_identification:_identify(src) by extension 'python'
[0.318s] Level 1:colcon.colcon_core.package_identification:_identify(src) by extensions ['python_setup_py']
[0.318s] Level 1:colcon.colcon_core.package_identification:_identify(src) by extension 'python_setup_py'
[0.318s] Level 1:colcon.colcon_core.package_identification:_identify(src/build) by extensions ['ignore', 'ignore_ament_install']
[0.318s] Level 1:colcon.colcon_core.package_identification:_identify(src/build) by extension 'ignore'
[0.318s] Level 1:colcon.colcon_core.package_identification:_identify(src/build) ignored
[0.318s] Level 1:colcon.colcon_core.package_identification:_identify(src/install) by extensions ['ignore', 'ignore_ament_install']
[0.318s] Level 1:colcon.colcon_core.package_identification:_identify(src/install) by extension 'ignore'
[0.318s] Level 1:colcon.colcon_core.package_identification:_identify(src/install) ignored
[0.318s] Level 1:colcon.colcon_core.package_identification:_identify(src/log) by extensions ['ignore', 'ignore_ament_install']
[0.318s] Level 1:colcon.colcon_core.package_identification:_identify(src/log) by extension 'ignore'
[0.318s] Level 1:colcon.colcon_core.package_identification:_identify(src/log) ignored
[0.318s] Level 1:colcon.colcon_core.package_identification:_identify(src/robot_interface) by extensions ['ignore', 'ignore_ament_install']
[0.319s] Level 1:colcon.colcon_core.package_identification:_identify(src/robot_interface) by extension 'ignore'
[0.319s] Level 1:colcon.colcon_core.package_identification:_identify(src/robot_interface) by extension 'ignore_ament_install'
[0.319s] Level 1:colcon.colcon_core.package_identification:_identify(src/robot_interface) by extensions ['colcon_pkg']
[0.319s] Level 1:colcon.colcon_core.package_identification:_identify(src/robot_interface) by extension 'colcon_pkg'
[0.319s] Level 1:colcon.colcon_core.package_identification:_identify(src/robot_interface) by extensions ['colcon_meta']
[0.319s] Level 1:colcon.colcon_core.package_identification:_identify(src/robot_interface) by extension 'colcon_meta'
[0.319s] Level 1:colcon.colcon_core.package_identification:_identify(src/robot_interface) by extensions ['ros']
[0.319s] Level 1:colcon.colcon_core.package_identification:_identify(src/robot_interface) by extension 'ros'
[0.321s] DEBUG:colcon.colcon_core.package_identification:Package 'src/robot_interface' with type 'ros.ament_python' and name 'robot_interface'
[0.321s] Level 1:colcon.colcon_core.package_discovery:discover_packages(recursive) using defaults
[0.321s] Level 1:colcon.colcon_core.package_discovery:discover_packages(ignore) discover
[0.321s] Level 1:colcon.colcon_core.package_discovery:discover_packages(ignore) using defaults
[0.321s] Level 1:colcon.colcon_core.package_discovery:discover_packages(path) discover
[0.321s] Level 1:colcon.colcon_core.package_discovery:discover_packages(path) using defaults
[0.339s] Level 1:colcon.colcon_core.package_discovery:discover_packages(prefix_path) check parameters
[0.339s] Level 1:colcon.colcon_core.package_discovery:discover_packages(prefix_path) discover
[0.341s] DEBUG:colcon.colcon_installed_package_information.package_discovery:Found 319 installed packages in /opt/ros/humble
[0.353s] Level 1:colcon.colcon_core.package_discovery:discover_packages(prefix_path) using defaults
[0.389s] Level 5:colcon.colcon_core.verb:set package 'robot_interface' build argument 'cmake_args' from command line to 'None'
[0.389s] Level 5:colcon.colcon_core.verb:set package 'robot_interface' build argument 'cmake_target' from command line to 'None'
[0.389s] Level 5:colcon.colcon_core.verb:set package 'robot_interface' build argument 'cmake_target_skip_unavailable' from command line to 'False'
[0.389s] Level 5:colcon.colcon_core.verb:set package 'robot_interface' build argument 'cmake_clean_cache' from command line to 'False'
[0.389s] Level 5:colcon.colcon_core.verb:set package 'robot_interface' build argument 'cmake_clean_first' from command line to 'False'
[0.389s] Level 5:colcon.colcon_core.verb:set package 'robot_interface' build argument 'cmake_force_configure' from command line to 'False'
[0.389s] Level 5:colcon.colcon_core.verb:set package 'robot_interface' build argument 'ament_cmake_args' from command line to 'None'
[0.389s] Level 5:colcon.colcon_core.verb:set package 'robot_interface' build argument 'catkin_cmake_args' from command line to 'None'
[0.389s] Level 5:colcon.colcon_core.verb:set package 'robot_interface' build argument 'catkin_skip_building_tests' from command line to 'False'
[0.389s] DEBUG:colcon.colcon_core.verb:Building package 'robot_interface' with the following arguments: {'ament_cmake_args': None, 'build_base': '/home/student/Roboty/Projekt/ros2_ws/build/robot_interface', 'catkin_cmake_args': None, 'catkin_skip_building_tests': False, 'cmake_args': None, 'cmake_clean_cache': False, 'cmake_clean_first': False, 'cmake_force_configure': False, 'cmake_target': None, 'cmake_target_skip_unavailable': False, 'install_base': '/home/student/Roboty/Projekt/ros2_ws/install/robot_interface', 'merge_install': False, 'path': '/home/student/Roboty/Projekt/ros2_ws/src/robot_interface', 'symlink_install': False, 'test_result_base': None}
[0.389s] INFO:colcon.colcon_core.executor:Executing jobs using 'parallel' executor
[0.391s] DEBUG:colcon.colcon_parallel_executor.executor.parallel:run_until_complete
[0.392s] INFO:colcon.colcon_ros.task.ament_python.build:Building ROS package in '/home/student/Roboty/Projekt/ros2_ws/src/robot_interface' with build type 'ament_python'
[0.392s] Level 1:colcon.colcon_core.shell:create_environment_hook('robot_interface', 'ament_prefix_path')
[0.394s] INFO:colcon.colcon_core.plugin_system:Skipping extension 'colcon_core.shell.bat': Not used on non-Windows systems
[0.394s] INFO:colcon.colcon_core.shell:Creating environment hook '/home/student/Roboty/Projekt/ros2_ws/install/robot_interface/share/robot_interface/hook/ament_prefix_path.ps1'
[0.396s] INFO:colcon.colcon_core.shell:Creating environment descriptor '/home/student/Roboty/Projekt/ros2_ws/install/robot_interface/share/robot_interface/hook/ament_prefix_path.dsv'
[0.397s] INFO:colcon.colcon_core.shell:Creating environment hook '/home/student/Roboty/Projekt/ros2_ws/install/robot_interface/share/robot_interface/hook/ament_prefix_path.sh'
[0.398s] INFO:colcon.colcon_core.shell:Skip shell extension 'powershell' for command environment: Not usable outside of PowerShell
[0.398s] DEBUG:colcon.colcon_core.shell:Skip shell extension 'dsv' for command environment
[0.628s] INFO:colcon.colcon_core.task.python.build:Building Python package in '/home/student/Roboty/Projekt/ros2_ws/src/robot_interface'
[0.629s] INFO:colcon.colcon_core.shell:Skip shell extension 'powershell' for command environment: Not usable outside of PowerShell
[0.629s] DEBUG:colcon.colcon_core.shell:Skip shell extension 'dsv' for command environment
[0.944s] DEBUG:colcon.colcon_core.event_handler.log_command:Invoking command in '/home/student/Roboty/Projekt/ros2_ws/build/robot_interface': PYTHONPATH=/home/student/Roboty/Projekt/ros2_ws/build/robot_interface/prefix_override:/usr/lib/python3/dist-packages/colcon_core/task/python/colcon_distutils_commands:/home/student/Roboty/Projekt/ros2_ws/install/robot_interface/lib/python3.10/site-packages:${PYTHONPATH} /usr/bin/python3 -W ignore:setup.py install is deprecated -W ignore:easy_install command is deprecated setup.py develop --uninstall --editable --build-directory /home/student/Roboty/Projekt/ros2_ws/build/robot_interface/build
[1.318s] DEBUG:colcon.colcon_core.event_handler.log_command:Invoked command in '/home/student/Roboty/Projekt/ros2_ws/build/robot_interface' returned '0': PYTHONPATH=/home/student/Roboty/Projekt/ros2_ws/build/robot_interface/prefix_override:/usr/lib/python3/dist-packages/colcon_core/task/python/colcon_distutils_commands:/home/student/Roboty/Projekt/ros2_ws/install/robot_interface/lib/python3.10/site-packages:${PYTHONPATH} /usr/bin/python3 -W ignore:setup.py install is deprecated -W ignore:easy_install command is deprecated setup.py develop --uninstall --editable --build-directory /home/student/Roboty/Projekt/ros2_ws/build/robot_interface/build
[1.321s] DEBUG:colcon.colcon_core.event_handler.log_command:Invoking command in '/home/student/Roboty/Projekt/ros2_ws/src/robot_interface': PYTHONPATH=/home/student/Roboty/Projekt/ros2_ws/build/robot_interface/prefix_override:/usr/lib/python3/dist-packages/colcon_core/task/python/colcon_distutils_commands:/home/student/Roboty/Projekt/ros2_ws/install/robot_interface/lib/python3.10/site-packages:${PYTHONPATH} /usr/bin/python3 -W ignore:setup.py install is deprecated -W ignore:easy_install command is deprecated setup.py egg_info --egg-base ../../build/robot_interface build --build-base /home/student/Roboty/Projekt/ros2_ws/build/robot_interface/build install --record /home/student/Roboty/Projekt/ros2_ws/build/robot_interface/install.log --single-version-externally-managed install_data --force
[1.595s] DEBUG:colcon.colcon_core.event_handler.log_command:Invoked command in '/home/student/Roboty/Projekt/ros2_ws/src/robot_interface' returned '0': PYTHONPATH=/home/student/Roboty/Projekt/ros2_ws/build/robot_interface/prefix_override:/usr/lib/python3/dist-packages/colcon_core/task/python/colcon_distutils_commands:/home/student/Roboty/Projekt/ros2_ws/install/robot_interface/lib/python3.10/site-packages:${PYTHONPATH} /usr/bin/python3 -W ignore:setup.py install is deprecated -W ignore:easy_install command is deprecated setup.py egg_info --egg-base ../../build/robot_interface build --build-base /home/student/Roboty/Projekt/ros2_ws/build/robot_interface/build install --record /home/student/Roboty/Projekt/ros2_ws/build/robot_interface/install.log --single-version-externally-managed install_data --force
[1.599s] Level 1:colcon.colcon_core.environment:checking '/home/student/Roboty/Projekt/ros2_ws/install/robot_interface' for CMake module files
[1.599s] Level 1:colcon.colcon_core.environment:checking '/home/student/Roboty/Projekt/ros2_ws/install/robot_interface' for CMake config files
[1.600s] Level 1:colcon.colcon_core.environment:checking '/home/student/Roboty/Projekt/ros2_ws/install/robot_interface/lib'
[1.600s] Level 1:colcon.colcon_core.environment:checking '/home/student/Roboty/Projekt/ros2_ws/install/robot_interface/bin'
[1.600s] Level 1:colcon.colcon_core.environment:checking '/home/student/Roboty/Projekt/ros2_ws/install/robot_interface/lib/pkgconfig/robot_interface.pc'
[1.600s] Level 1:colcon.colcon_core.environment:checking '/home/student/Roboty/Projekt/ros2_ws/install/robot_interface/lib/python3.10/site-packages'
[1.600s] Level 1:colcon.colcon_core.shell:create_environment_hook('robot_interface', 'pythonpath')
[1.601s] INFO:colcon.colcon_core.shell:Creating environment hook '/home/student/Roboty/Projekt/ros2_ws/install/robot_interface/share/robot_interface/hook/pythonpath.ps1'
[1.601s] INFO:colcon.colcon_core.shell:Creating environment descriptor '/home/student/Roboty/Projekt/ros2_ws/install/robot_interface/share/robot_interface/hook/pythonpath.dsv'
[1.602s] INFO:colcon.colcon_core.shell:Creating environment hook '/home/student/Roboty/Projekt/ros2_ws/install/robot_interface/share/robot_interface/hook/pythonpath.sh'
[1.602s] Level 1:colcon.colcon_core.environment:checking '/home/student/Roboty/Projekt/ros2_ws/install/robot_interface/bin'
[1.603s] Level 1:colcon.colcon_core.environment:create_environment_scripts_only(robot_interface)
[1.603s] INFO:colcon.colcon_core.shell:Creating package script '/home/student/Roboty/Projekt/ros2_ws/install/robot_interface/share/robot_interface/package.ps1'
[1.603s] INFO:colcon.colcon_core.shell:Creating package descriptor '/home/student/Roboty/Projekt/ros2_ws/install/robot_interface/share/robot_interface/package.dsv'
[1.604s] INFO:colcon.colcon_core.shell:Creating package script '/home/student/Roboty/Projekt/ros2_ws/install/robot_interface/share/robot_interface/package.sh'
[1.605s] INFO:colcon.colcon_core.shell:Creating package script '/home/student/Roboty/Projekt/ros2_ws/install/robot_interface/share/robot_interface/package.bash'
[1.606s] INFO:colcon.colcon_core.shell:Creating package script '/home/student/Roboty/Projekt/ros2_ws/install/robot_interface/share/robot_interface/package.zsh'
[1.609s] Level 1:colcon.colcon_core.environment:create_file_with_runtime_dependencies(/home/student/Roboty/Projekt/ros2_ws/install/robot_interface/share/colcon-core/packages/robot_interface)
[1.609s] DEBUG:colcon.colcon_parallel_executor.executor.parallel:closing loop
[1.610s] DEBUG:colcon.colcon_parallel_executor.executor.parallel:loop closed
[1.610s] DEBUG:colcon.colcon_parallel_executor.executor.parallel:run_until_complete finished with '0'
[1.610s] DEBUG:colcon.colcon_core.event_reactor:joining thread
[1.614s] INFO:colcon.colcon_core.plugin_system:Skipping extension 'colcon_notification.desktop_notification.terminal_notifier': Not used on non-Darwin systems
[1.614s] INFO:colcon.colcon_core.plugin_system:Skipping extension 'colcon_notification.desktop_notification.win32': Not used on non-Windows systems
[1.614s] INFO:colcon.colcon_notification.desktop_notification:Sending desktop notification using 'notify2'
[1.632s] DEBUG:colcon.colcon_core.event_reactor:joined thread
[1.632s] INFO:colcon.colcon_core.shell:Creating prefix script '/home/student/Roboty/Projekt/ros2_ws/install/local_setup.ps1'
[1.633s] INFO:colcon.colcon_core.shell:Creating prefix util module '/home/student/Roboty/Projekt/ros2_ws/install/_local_setup_util_ps1.py'
[1.635s] INFO:colcon.colcon_core.shell:Creating prefix chain script '/home/student/Roboty/Projekt/ros2_ws/install/setup.ps1'
[1.636s] INFO:colcon.colcon_core.shell:Creating prefix script '/home/student/Roboty/Projekt/ros2_ws/install/local_setup.sh'
[1.636s] INFO:colcon.colcon_core.shell:Creating prefix util module '/home/student/Roboty/Projekt/ros2_ws/install/_local_setup_util_sh.py'
[1.637s] INFO:colcon.colcon_core.shell:Creating prefix chain script '/home/student/Roboty/Projekt/ros2_ws/install/setup.sh'
[1.638s] INFO:colcon.colcon_core.shell:Creating prefix script '/home/student/Roboty/Projekt/ros2_ws/install/local_setup.bash'
[1.638s] INFO:colcon.colcon_core.shell:Creating prefix chain script '/home/student/Roboty/Projekt/ros2_ws/install/setup.bash'
[1.639s] INFO:colcon.colcon_core.shell:Creating prefix script '/home/student/Roboty/Projekt/ros2_ws/install/local_setup.zsh'
[1.639s] INFO:colcon.colcon_core.shell:Creating prefix chain script '/home/student/Roboty/Projekt/ros2_ws/install/setup.zsh'
