[0.090s] DEBUG:colcon:Command line arguments: ['/usr/bin/colcon', 'build', '--symlink-install']
[0.090s] DEBUG:colcon:Parsed command line arguments: Namespace(log_base=None, log_level=None, verb_name='build', build_base='build', install_base='install', merge_install=False, symlink_install=True, test_result_base=None, continue_on_error=False, executor='parallel', parallel_workers=5, event_handlers=None, ignore_user_meta=False, metas=['./colcon.meta'], base_paths=['.'], packages_ignore=None, packages_ignore_regex=None, paths=None, packages_up_to=None, packages_up_to_regex=None, packages_above=None, packages_above_and_dependencies=None, packages_above_depth=None, packages_select_by_dep=None, packages_skip_by_dep=None, packages_skip_up_to=None, packages_select_build_failed=False, packages_skip_build_finished=False, packages_select_test_failures=False, packages_skip_test_passed=False, packages_select=None, packages_skip=None, packages_select_regex=None, packages_skip_regex=None, packages_start=None, packages_end=None, allow_overriding=[], cmake_args=None, cmake_target=None, cmake_target_skip_unavailable=False, cmake_clean_cache=False, cmake_clean_first=False, cmake_force_configure=False, ament_cmake_args=None, catkin_cmake_args=None, catkin_skip_building_tests=False, verb_parser=<colcon_defaults.argument_parser.defaults.DefaultArgumentsDecorator object at 0x74d492e35420>, verb_extension=<colcon_core.verb.build.BuildVerb object at 0x74d492f66800>, main=<bound method BuildVerb.main of <colcon_core.verb.build.BuildVerb object at 0x74d492f66800>>)
[0.216s] Level 1:colcon.colcon_core.package_discovery:discover_packages(colcon_meta) check parameters
[0.216s] Level 1:colcon.colcon_core.package_discovery:discover_packages(recursive) check parameters
[0.216s] Level 1:colcon.colcon_core.package_discovery:discover_packages(ignore) check parameters
[0.216s] Level 1:colcon.colcon_core.package_discovery:discover_packages(path) check parameters
[0.216s] Level 1:colcon.colcon_core.package_discovery:discover_packages(colcon_meta) discover
[0.217s] Level 1:colcon.colcon_core.package_discovery:discover_packages(recursive) discover
[0.217s] INFO:colcon.colcon_core.package_discovery:Crawling recursively for packages in '/home/student/Roboty/Projekt/ros2_ws'
[0.217s] Level 1:colcon.colcon_core.package_identification:_identify(.) by extensions ['ignore', 'ignore_ament_install']
[0.217s] Level 1:colcon.colcon_core.package_identification:_identify(.) by extension 'ignore'
[0.217s] Level 1:colcon.colcon_core.package_identification:_identify(.) by extension 'ignore_ament_install'
[0.217s] Level 1:colcon.colcon_core.package_identification:_identify(.) by extensions ['colcon_pkg']
[0.217s] Level 1:colcon.colcon_core.package_identification:_identify(.) by extension 'colcon_pkg'
[0.217s] Level 1:colcon.colcon_core.package_identification:_identify(.) by extensions ['colcon_meta']
[0.217s] Level 1:colcon.colcon_core.package_identification:_identify(.) by extension 'colcon_meta'
[0.217s] Level 1:colcon.colcon_core.package_identification:_identify(.) by extensions ['ros']
[0.217s] Level 1:colcon.colcon_core.package_identification:_identify(.) by extension 'ros'
[0.226s] Level 1:colcon.colcon_core.package_identification:_identify(.) by extensions ['cmake', 'python']
[0.226s] Level 1:colcon.colcon_core.package_identification:_identify(.) by extension 'cmake'
[0.226s] Level 1:colcon.colcon_core.package_identification:_identify(.) by extension 'python'
[0.226s] Level 1:colcon.colcon_core.package_identification:_identify(.) by extensions ['python_setup_py']
[0.226s] Level 1:colcon.colcon_core.package_identification:_identify(.) by extension 'python_setup_py'
[0.226s] Level 1:colcon.colcon_core.package_identification:_identify(build) by extensions ['ignore', 'ignore_ament_install']
[0.226s] Level 1:colcon.colcon_core.package_identification:_identify(build) by extension 'ignore'
[0.226s] Level 1:colcon.colcon_core.package_identification:_identify(build) ignored
[0.226s] Level 1:colcon.colcon_core.package_identification:_identify(install) by extensions ['ignore', 'ignore_ament_install']
[0.226s] Level 1:colcon.colcon_core.package_identification:_identify(install) by extension 'ignore'
[0.226s] Level 1:colcon.colcon_core.package_identification:_identify(install) ignored
[0.227s] Level 1:colcon.colcon_core.package_identification:_identify(log) by extensions ['ignore', 'ignore_ament_install']
[0.227s] Level 1:colcon.colcon_core.package_identification:_identify(log) by extension 'ignore'
[0.227s] Level 1:colcon.colcon_core.package_identification:_identify(log) ignored
[0.227s] Level 1:colcon.colcon_core.package_identification:_identify(src) by extensions ['ignore', 'ignore_ament_install']
[0.227s] Level 1:colcon.colcon_core.package_identification:_identify(src) by extension 'ignore'
[0.227s] Level 1:colcon.colcon_core.package_identification:_identify(src) by extension 'ignore_ament_install'
[0.227s] Level 1:colcon.colcon_core.package_identification:_identify(src) by extensions ['colcon_pkg']
[0.227s] Level 1:colcon.colcon_core.package_identification:_identify(src) by extension 'colcon_pkg'
[0.227s] Level 1:colcon.colcon_core.package_identification:_identify(src) by extensions ['colcon_meta']
[0.227s] Level 1:colcon.colcon_core.package_identification:_identify(src) by extension 'colcon_meta'
[0.227s] Level 1:colcon.colcon_core.package_identification:_identify(src) by extensions ['ros']
[0.227s] Level 1:colcon.colcon_core.package_identification:_identify(src) by extension 'ros'
[0.227s] Level 1:colcon.colcon_core.package_identification:_identify(src) by extensions ['cmake', 'python']
[0.227s] Level 1:colcon.colcon_core.package_identification:_identify(src) by extension 'cmake'
[0.227s] Level 1:colcon.colcon_core.package_identification:_identify(src) by extension 'python'
[0.227s] Level 1:colcon.colcon_core.package_identification:_identify(src) by extensions ['python_setup_py']
[0.227s] Level 1:colcon.colcon_core.package_identification:_identify(src) by extension 'python_setup_py'
[0.227s] Level 1:colcon.colcon_core.package_identification:_identify(src/build) by extensions ['ignore', 'ignore_ament_install']
[0.227s] Level 1:colcon.colcon_core.package_identification:_identify(src/build) by extension 'ignore'
[0.227s] Level 1:colcon.colcon_core.package_identification:_identify(src/build) ignored
[0.227s] Level 1:colcon.colcon_core.package_identification:_identify(src/install) by extensions ['ignore', 'ignore_ament_install']
[0.227s] Level 1:colcon.colcon_core.package_identification:_identify(src/install) by extension 'ignore'
[0.227s] Level 1:colcon.colcon_core.package_identification:_identify(src/install) ignored
[0.227s] Level 1:colcon.colcon_core.package_identification:_identify(src/log) by extensions ['ignore', 'ignore_ament_install']
[0.227s] Level 1:colcon.colcon_core.package_identification:_identify(src/log) by extension 'ignore'
[0.228s] Level 1:colcon.colcon_core.package_identification:_identify(src/log) ignored
[0.228s] Level 1:colcon.colcon_core.package_identification:_identify(src/robot_interface) by extensions ['ignore', 'ignore_ament_install']
[0.228s] Level 1:colcon.colcon_core.package_identification:_identify(src/robot_interface) by extension 'ignore'
[0.228s] Level 1:colcon.colcon_core.package_identification:_identify(src/robot_interface) by extension 'ignore_ament_install'
[0.228s] Level 1:colcon.colcon_core.package_identification:_identify(src/robot_interface) by extensions ['colcon_pkg']
[0.228s] Level 1:colcon.colcon_core.package_identification:_identify(src/robot_interface) by extension 'colcon_pkg'
[0.228s] Level 1:colcon.colcon_core.package_identification:_identify(src/robot_interface) by extensions ['colcon_meta']
[0.228s] Level 1:colcon.colcon_core.package_identification:_identify(src/robot_interface) by extension 'colcon_meta'
[0.228s] Level 1:colcon.colcon_core.package_identification:_identify(src/robot_interface) by extensions ['ros']
[0.228s] Level 1:colcon.colcon_core.package_identification:_identify(src/robot_interface) by extension 'ros'
[0.230s] DEBUG:colcon.colcon_core.package_identification:Package 'src/robot_interface' with type 'ros.ament_python' and name 'robot_interface'
[0.230s] Level 1:colcon.colcon_core.package_discovery:discover_packages(recursive) using defaults
[0.230s] Level 1:colcon.colcon_core.package_discovery:discover_packages(ignore) discover
[0.231s] Level 1:colcon.colcon_core.package_discovery:discover_packages(ignore) using defaults
[0.231s] Level 1:colcon.colcon_core.package_discovery:discover_packages(path) discover
[0.231s] Level 1:colcon.colcon_core.package_discovery:discover_packages(path) using defaults
[0.248s] Level 1:colcon.colcon_core.package_discovery:discover_packages(prefix_path) check parameters
[0.248s] Level 1:colcon.colcon_core.package_discovery:discover_packages(prefix_path) discover
[0.249s] DEBUG:colcon.colcon_installed_package_information.package_discovery:Found 1 installed packages in /home/student/Roboty/Projekt/ros2_ws/install
[0.250s] DEBUG:colcon.colcon_installed_package_information.package_discovery:Found 1 installed packages in /home/student/Roboty/Projekt/ros2_ws/src/install
[0.251s] DEBUG:colcon.colcon_installed_package_information.package_discovery:Found 319 installed packages in /opt/ros/humble
[0.264s] Level 1:colcon.colcon_core.package_discovery:discover_packages(prefix_path) using defaults
[0.296s] Level 5:colcon.colcon_core.verb:set package 'robot_interface' build argument 'cmake_args' from command line to 'None'
[0.296s] Level 5:colcon.colcon_core.verb:set package 'robot_interface' build argument 'cmake_target' from command line to 'None'
[0.296s] Level 5:colcon.colcon_core.verb:set package 'robot_interface' build argument 'cmake_target_skip_unavailable' from command line to 'False'
[0.296s] Level 5:colcon.colcon_core.verb:set package 'robot_interface' build argument 'cmake_clean_cache' from command line to 'False'
[0.296s] Level 5:colcon.colcon_core.verb:set package 'robot_interface' build argument 'cmake_clean_first' from command line to 'False'
[0.296s] Level 5:colcon.colcon_core.verb:set package 'robot_interface' build argument 'cmake_force_configure' from command line to 'False'
[0.296s] Level 5:colcon.colcon_core.verb:set package 'robot_interface' build argument 'ament_cmake_args' from command line to 'None'
[0.296s] Level 5:colcon.colcon_core.verb:set package 'robot_interface' build argument 'catkin_cmake_args' from command line to 'None'
[0.296s] Level 5:colcon.colcon_core.verb:set package 'robot_interface' build argument 'catkin_skip_building_tests' from command line to 'False'
[0.296s] DEBUG:colcon.colcon_core.verb:Building package 'robot_interface' with the following arguments: {'ament_cmake_args': None, 'build_base': '/home/student/Roboty/Projekt/ros2_ws/build/robot_interface', 'catkin_cmake_args': None, 'catkin_skip_building_tests': False, 'cmake_args': None, 'cmake_clean_cache': False, 'cmake_clean_first': False, 'cmake_force_configure': False, 'cmake_target': None, 'cmake_target_skip_unavailable': False, 'install_base': '/home/student/Roboty/Projekt/ros2_ws/install/robot_interface', 'merge_install': False, 'path': '/home/student/Roboty/Projekt/ros2_ws/src/robot_interface', 'symlink_install': True, 'test_result_base': None}
[0.296s] INFO:colcon.colcon_core.executor:Executing jobs using 'parallel' executor
[0.298s] DEBUG:colcon.colcon_parallel_executor.executor.parallel:run_until_complete
[0.298s] INFO:colcon.colcon_ros.task.ament_python.build:Building ROS package in '/home/student/Roboty/Projekt/ros2_ws/src/robot_interface' with build type 'ament_python'
[0.298s] Level 1:colcon.colcon_core.shell:create_environment_hook('robot_interface', 'ament_prefix_path')
[0.300s] INFO:colcon.colcon_core.plugin_system:Skipping extension 'colcon_core.shell.bat': Not used on non-Windows systems
[0.300s] INFO:colcon.colcon_core.shell:Creating environment hook '/home/student/Roboty/Projekt/ros2_ws/install/robot_interface/share/robot_interface/hook/ament_prefix_path.ps1'
[0.301s] INFO:colcon.colcon_core.shell:Creating environment descriptor '/home/student/Roboty/Projekt/ros2_ws/install/robot_interface/share/robot_interface/hook/ament_prefix_path.dsv'
[0.301s] INFO:colcon.colcon_core.shell:Creating environment hook '/home/student/Roboty/Projekt/ros2_ws/install/robot_interface/share/robot_interface/hook/ament_prefix_path.sh'
[0.302s] INFO:colcon.colcon_core.shell:Skip shell extension 'powershell' for command environment: Not usable outside of PowerShell
[0.302s] DEBUG:colcon.colcon_core.shell:Skip shell extension 'dsv' for command environment
[0.519s] INFO:colcon.colcon_core.task.python.build:Building Python package in '/home/student/Roboty/Projekt/ros2_ws/src/robot_interface'
[0.519s] INFO:colcon.colcon_core.shell:Skip shell extension 'powershell' for command environment: Not usable outside of PowerShell
[0.520s] DEBUG:colcon.colcon_core.shell:Skip shell extension 'dsv' for command environment
[0.917s] DEBUG:colcon.colcon_core.event_handler.log_command:Invoking command in '/home/student/Roboty/Projekt/ros2_ws/build/robot_interface': PYTHONPATH=/home/student/Roboty/Projekt/ros2_ws/build/robot_interface/prefix_override:/usr/lib/python3/dist-packages/colcon_core/task/python/colcon_distutils_commands:/home/student/Roboty/Projekt/ros2_ws/install/robot_interface/lib/python3.10/site-packages:${PYTHONPATH} /usr/bin/python3 -W ignore:setup.py install is deprecated -W ignore:easy_install command is deprecated setup.py develop --editable --build-directory /home/student/Roboty/Projekt/ros2_ws/build/robot_interface/build --no-deps symlink_data
[1.272s] Level 1:colcon.colcon_core.shell:create_environment_hook('robot_interface', 'pythonpath_develop')
[1.272s] DEBUG:colcon.colcon_core.event_handler.log_command:Invoked command in '/home/student/Roboty/Projekt/ros2_ws/build/robot_interface' returned '0': PYTHONPATH=/home/student/Roboty/Projekt/ros2_ws/build/robot_interface/prefix_override:/usr/lib/python3/dist-packages/colcon_core/task/python/colcon_distutils_commands:/home/student/Roboty/Projekt/ros2_ws/install/robot_interface/lib/python3.10/site-packages:${PYTHONPATH} /usr/bin/python3 -W ignore:setup.py install is deprecated -W ignore:easy_install command is deprecated setup.py develop --editable --build-directory /home/student/Roboty/Projekt/ros2_ws/build/robot_interface/build --no-deps symlink_data
[1.272s] INFO:colcon.colcon_core.shell:Creating environment hook '/home/student/Roboty/Projekt/ros2_ws/build/robot_interface/share/robot_interface/hook/pythonpath_develop.ps1'
[1.273s] INFO:colcon.colcon_core.shell:Creating environment descriptor '/home/student/Roboty/Projekt/ros2_ws/build/robot_interface/share/robot_interface/hook/pythonpath_develop.dsv'
[1.273s] INFO:colcon.colcon_core.shell:Creating environment hook '/home/student/Roboty/Projekt/ros2_ws/build/robot_interface/share/robot_interface/hook/pythonpath_develop.sh'
[1.275s] Level 1:colcon.colcon_core.environment:checking '/home/student/Roboty/Projekt/ros2_ws/install/robot_interface' for CMake module files
[1.276s] Level 1:colcon.colcon_core.environment:checking '/home/student/Roboty/Projekt/ros2_ws/install/robot_interface' for CMake config files
[1.277s] Level 1:colcon.colcon_core.environment:checking '/home/student/Roboty/Projekt/ros2_ws/install/robot_interface/lib'
[1.277s] Level 1:colcon.colcon_core.environment:checking '/home/student/Roboty/Projekt/ros2_ws/install/robot_interface/bin'
[1.277s] Level 1:colcon.colcon_core.environment:checking '/home/student/Roboty/Projekt/ros2_ws/install/robot_interface/lib/pkgconfig/robot_interface.pc'
[1.277s] Level 1:colcon.colcon_core.environment:checking '/home/student/Roboty/Projekt/ros2_ws/install/robot_interface/lib/python3.10/site-packages'
[1.277s] Level 1:colcon.colcon_core.shell:create_environment_hook('robot_interface', 'pythonpath')
[1.278s] INFO:colcon.colcon_core.shell:Creating environment hook '/home/student/Roboty/Projekt/ros2_ws/install/robot_interface/share/robot_interface/hook/pythonpath.ps1'
[1.278s] INFO:colcon.colcon_core.shell:Creating environment descriptor '/home/student/Roboty/Projekt/ros2_ws/install/robot_interface/share/robot_interface/hook/pythonpath.dsv'
[1.279s] INFO:colcon.colcon_core.shell:Creating environment hook '/home/student/Roboty/Projekt/ros2_ws/install/robot_interface/share/robot_interface/hook/pythonpath.sh'
[1.279s] Level 1:colcon.colcon_core.environment:checking '/home/student/Roboty/Projekt/ros2_ws/install/robot_interface/bin'
[1.279s] Level 1:colcon.colcon_core.environment:create_environment_scripts_only(robot_interface)
[1.280s] INFO:colcon.colcon_core.shell:Creating package script '/home/student/Roboty/Projekt/ros2_ws/install/robot_interface/share/robot_interface/package.ps1'
[1.280s] INFO:colcon.colcon_core.shell:Creating package descriptor '/home/student/Roboty/Projekt/ros2_ws/install/robot_interface/share/robot_interface/package.dsv'
[1.281s] INFO:colcon.colcon_core.shell:Creating package script '/home/student/Roboty/Projekt/ros2_ws/install/robot_interface/share/robot_interface/package.sh'
[1.281s] INFO:colcon.colcon_core.shell:Creating package script '/home/student/Roboty/Projekt/ros2_ws/install/robot_interface/share/robot_interface/package.bash'
[1.282s] INFO:colcon.colcon_core.shell:Creating package script '/home/student/Roboty/Projekt/ros2_ws/install/robot_interface/share/robot_interface/package.zsh'
[1.283s] Level 1:colcon.colcon_core.environment:create_file_with_runtime_dependencies(/home/student/Roboty/Projekt/ros2_ws/install/robot_interface/share/colcon-core/packages/robot_interface)
[1.283s] DEBUG:colcon.colcon_parallel_executor.executor.parallel:closing loop
[1.284s] DEBUG:colcon.colcon_parallel_executor.executor.parallel:loop closed
[1.284s] DEBUG:colcon.colcon_parallel_executor.executor.parallel:run_until_complete finished with '0'
[1.285s] DEBUG:colcon.colcon_core.event_reactor:joining thread
[1.289s] INFO:colcon.colcon_core.plugin_system:Skipping extension 'colcon_notification.desktop_notification.terminal_notifier': Not used on non-Darwin systems
[1.290s] INFO:colcon.colcon_core.plugin_system:Skipping extension 'colcon_notification.desktop_notification.win32': Not used on non-Windows systems
[1.290s] INFO:colcon.colcon_notification.desktop_notification:Sending desktop notification using 'notify2'
[1.295s] DEBUG:colcon.colcon_core.event_reactor:joined thread
[1.295s] INFO:colcon.colcon_core.shell:Creating prefix script '/home/student/Roboty/Projekt/ros2_ws/install/local_setup.ps1'
[1.296s] INFO:colcon.colcon_core.shell:Creating prefix util module '/home/student/Roboty/Projekt/ros2_ws/install/_local_setup_util_ps1.py'
[1.297s] INFO:colcon.colcon_core.shell:Creating prefix chain script '/home/student/Roboty/Projekt/ros2_ws/install/setup.ps1'
[1.298s] INFO:colcon.colcon_core.shell:Creating prefix script '/home/student/Roboty/Projekt/ros2_ws/install/local_setup.sh'
[1.299s] INFO:colcon.colcon_core.shell:Creating prefix util module '/home/student/Roboty/Projekt/ros2_ws/install/_local_setup_util_sh.py'
[1.299s] INFO:colcon.colcon_core.shell:Creating prefix chain script '/home/student/Roboty/Projekt/ros2_ws/install/setup.sh'
[1.300s] INFO:colcon.colcon_core.shell:Creating prefix script '/home/student/Roboty/Projekt/ros2_ws/install/local_setup.bash'
[1.301s] INFO:colcon.colcon_core.shell:Creating prefix chain script '/home/student/Roboty/Projekt/ros2_ws/install/setup.bash'
[1.301s] INFO:colcon.colcon_core.shell:Creating prefix script '/home/student/Roboty/Projekt/ros2_ws/install/local_setup.zsh'
[1.302s] INFO:colcon.colcon_core.shell:Creating prefix chain script '/home/student/Roboty/Projekt/ros2_ws/install/setup.zsh'
