/home/student/Roboty/Projekt/ros2_ws/src/robot_interface/install/robot_interface/lib/python3.10/site-packages/robot_interface/__init__.py
/home/student/Roboty/Projekt/ros2_ws/src/robot_interface/install/robot_interface/lib/python3.10/site-packages/robot_interface/image_viewer.py
/home/student/Roboty/Projekt/ros2_ws/src/robot_interface/install/robot_interface/lib/python3.10/site-packages/robot_interface/camera_publisher.py
/home/student/Roboty/Projekt/ros2_ws/src/robot_interface/install/robot_interface/lib/python3.10/site-packages/robot_interface/aruco_detector.py
/home/student/Roboty/Projekt/ros2_ws/src/robot_interface/install/robot_interface/lib/python3.10/site-packages/robot_interface/turtle_controller.py
/home/student/Roboty/Projekt/ros2_ws/src/robot_interface/install/robot_interface/lib/python3.10/site-packages/robot_interface/__pycache__/__init__.cpython-310.pyc
/home/student/Roboty/Projekt/ros2_ws/src/robot_interface/install/robot_interface/lib/python3.10/site-packages/robot_interface/__pycache__/image_viewer.cpython-310.pyc
/home/student/Roboty/Projekt/ros2_ws/src/robot_interface/install/robot_interface/lib/python3.10/site-packages/robot_interface/__pycache__/camera_publisher.cpython-310.pyc
/home/student/Roboty/Projekt/ros2_ws/src/robot_interface/install/robot_interface/lib/python3.10/site-packages/robot_interface/__pycache__/aruco_detector.cpython-310.pyc
/home/student/Roboty/Projekt/ros2_ws/src/robot_interface/install/robot_interface/lib/python3.10/site-packages/robot_interface/__pycache__/turtle_controller.cpython-310.pyc
/home/student/Roboty/Projekt/ros2_ws/src/robot_interface/install/robot_interface/share/ament_index/resource_index/packages/robot_interface
/home/student/Roboty/Projekt/ros2_ws/src/robot_interface/install/robot_interface/share/robot_interface/package.xml
/home/student/Roboty/Projekt/ros2_ws/src/robot_interface/install/robot_interface/share/robot_interface/launch/interface_launch.py
/home/student/Roboty/Projekt/ros2_ws/src/robot_interface/install/robot_interface/lib/python3.10/site-packages/robot_interface-0.0.1-py3.10.egg-info/requires.txt
/home/student/Roboty/Projekt/ros2_ws/src/robot_interface/install/robot_interface/lib/python3.10/site-packages/robot_interface-0.0.1-py3.10.egg-info/entry_points.txt
/home/student/Roboty/Projekt/ros2_ws/src/robot_interface/install/robot_interface/lib/python3.10/site-packages/robot_interface-0.0.1-py3.10.egg-info/zip-safe
/home/student/Roboty/Projekt/ros2_ws/src/robot_interface/install/robot_interface/lib/python3.10/site-packages/robot_interface-0.0.1-py3.10.egg-info/top_level.txt
/home/student/Roboty/Projekt/ros2_ws/src/robot_interface/install/robot_interface/lib/python3.10/site-packages/robot_interface-0.0.1-py3.10.egg-info/PKG-INFO
/home/student/Roboty/Projekt/ros2_ws/src/robot_interface/install/robot_interface/lib/python3.10/site-packages/robot_interface-0.0.1-py3.10.egg-info/dependency_links.txt
/home/student/Roboty/Projekt/ros2_ws/src/robot_interface/install/robot_interface/lib/python3.10/site-packages/robot_interface-0.0.1-py3.10.egg-info/SOURCES.txt
/home/student/Roboty/Projekt/ros2_ws/src/robot_interface/install/robot_interface/lib/robot_interface/aruco_detector
/home/student/Roboty/Projekt/ros2_ws/src/robot_interface/install/robot_interface/lib/robot_interface/camera_publisher
/home/student/Roboty/Projekt/ros2_ws/src/robot_interface/install/robot_interface/lib/robot_interface/image_viewer
/home/student/Roboty/Projekt/ros2_ws/src/robot_interface/install/robot_interface/lib/robot_interface/turtle_controller
